[2020-07-13 01:05:06.166] [exthost] [info] extension host started
[2020-07-13 01:05:06.205] [exthost] [info] ExtensionService#_doActivateExtension vscode.debug-auto-launch {"startup":true,"extensionId":{"value":"vscode.debug-auto-launch","_lower":"vscode.debug-auto-launch"},"activationEvent":"*"}
[2020-07-13 01:05:06.206] [exthost] [info] ExtensionService#loadCommonJSModule file:///snap/code/36/usr/share/code/resources/app/extensions/debug-auto-launch/dist/extension
[2020-07-13 01:05:06.211] [exthost] [info] ExtensionService#_doActivateExtension vscode.emmet {"startup":true,"extensionId":{"value":"vscode.emmet","_lower":"vscode.emmet"},"activationEvent":"*"}
[2020-07-13 01:05:06.211] [exthost] [info] ExtensionService#loadCommonJSModule file:///snap/code/36/usr/share/code/resources/app/extensions/emmet/dist/extension
[2020-07-13 01:05:06.235] [exthost] [info] ExtensionService#_doActivateExtension vscode.git {"startup":true,"extensionId":{"value":"vscode.github","_lower":"vscode.github"},"activationEvent":"*"}
[2020-07-13 01:05:06.235] [exthost] [info] ExtensionService#loadCommonJSModule file:///snap/code/36/usr/share/code/resources/app/extensions/git/dist/main
[2020-07-13 01:05:06.277] [exthost] [info] ExtensionService#_doActivateExtension vscode.github-authentication {"startup":true,"extensionId":{"value":"vscode.github-authentication","_lower":"vscode.github-authentication"},"activationEvent":"*"}
[2020-07-13 01:05:06.277] [exthost] [info] ExtensionService#loadCommonJSModule file:///snap/code/36/usr/share/code/resources/app/extensions/github-authentication/dist/extension.js
[2020-07-13 01:05:06.293] [exthost] [info] ExtensionService#_doActivateExtension vscode.merge-conflict {"startup":true,"extensionId":{"value":"vscode.merge-conflict","_lower":"vscode.merge-conflict"},"activationEvent":"*"}
[2020-07-13 01:05:06.293] [exthost] [info] ExtensionService#loadCommonJSModule file:///snap/code/36/usr/share/code/resources/app/extensions/merge-conflict/dist/mergeConflictMain
[2020-07-13 01:05:06.296] [exthost] [info] ExtensionService#_doActivateExtension vscode.microsoft-authentication {"startup":true,"extensionId":{"value":"vscode.microsoft-authentication","_lower":"vscode.microsoft-authentication"},"activationEvent":"*"}
[2020-07-13 01:05:06.297] [exthost] [info] ExtensionService#loadCommonJSModule file:///snap/code/36/usr/share/code/resources/app/extensions/microsoft-authentication/dist/extension.js
[2020-07-13 01:05:06.306] [exthost] [info] ExtensionService#_doActivateExtension vscode.search-result {"startup":true,"extensionId":{"value":"vscode.search-result","_lower":"vscode.search-result"},"activationEvent":"*"}
[2020-07-13 01:05:06.307] [exthost] [info] ExtensionService#loadCommonJSModule file:///snap/code/36/usr/share/code/resources/app/extensions/search-result/dist/extension.js
[2020-07-13 01:05:06.371] [exthost] [info] ExtensionService#_doActivateExtension vscode.github {"startup":true,"extensionId":{"value":"vscode.github","_lower":"vscode.github"},"activationEvent":"*"}
[2020-07-13 01:05:06.371] [exthost] [info] ExtensionService#loadCommonJSModule file:///snap/code/36/usr/share/code/resources/app/extensions/github/dist/extension.js
[2020-07-13 01:05:06.388] [exthost] [info] eager extensions activated
[2020-07-13 01:05:19.871] [exthost] [info] extension host started
[2020-07-13 01:05:19.897] [exthost] [info] ExtensionService#_doActivateExtension vscode.debug-auto-launch {"startup":true,"extensionId":{"value":"vscode.debug-auto-launch","_lower":"vscode.debug-auto-launch"},"activationEvent":"*"}
[2020-07-13 01:05:19.897] [exthost] [info] ExtensionService#loadCommonJSModule file:///snap/code/36/usr/share/code/resources/app/extensions/debug-auto-launch/dist/extension
[2020-07-13 01:05:19.901] [exthost] [info] ExtensionService#_doActivateExtension vscode.emmet {"startup":true,"extensionId":{"value":"vscode.emmet","_lower":"vscode.emmet"},"activationEvent":"*"}
[2020-07-13 01:05:19.901] [exthost] [info] ExtensionService#loadCommonJSModule file:///snap/code/36/usr/share/code/resources/app/extensions/emmet/dist/extension
[2020-07-13 01:05:19.915] [exthost] [info] ExtensionService#_doActivateExtension vscode.git {"startup":true,"extensionId":{"value":"vscode.github","_lower":"vscode.github"},"activationEvent":"*"}
[2020-07-13 01:05:19.916] [exthost] [info] ExtensionService#loadCommonJSModule file:///snap/code/36/usr/share/code/resources/app/extensions/git/dist/main
[2020-07-13 01:05:19.936] [exthost] [info] ExtensionService#_doActivateExtension vscode.github-authentication {"startup":true,"extensionId":{"value":"vscode.github-authentication","_lower":"vscode.github-authentication"},"activationEvent":"*"}
[2020-07-13 01:05:19.936] [exthost] [info] ExtensionService#loadCommonJSModule file:///snap/code/36/usr/share/code/resources/app/extensions/github-authentication/dist/extension.js
[2020-07-13 01:05:19.941] [exthost] [info] ExtensionService#_doActivateExtension vscode.merge-conflict {"startup":true,"extensionId":{"value":"vscode.merge-conflict","_lower":"vscode.merge-conflict"},"activationEvent":"*"}
[2020-07-13 01:05:19.941] [exthost] [info] ExtensionService#loadCommonJSModule file:///snap/code/36/usr/share/code/resources/app/extensions/merge-conflict/dist/mergeConflictMain
[2020-07-13 01:05:19.942] [exthost] [info] ExtensionService#_doActivateExtension vscode.microsoft-authentication {"startup":true,"extensionId":{"value":"vscode.microsoft-authentication","_lower":"vscode.microsoft-authentication"},"activationEvent":"*"}
[2020-07-13 01:05:19.942] [exthost] [info] ExtensionService#loadCommonJSModule file:///snap/code/36/usr/share/code/resources/app/extensions/microsoft-authentication/dist/extension.js
[2020-07-13 01:05:19.948] [exthost] [info] ExtensionService#_doActivateExtension vscode.search-result {"startup":true,"extensionId":{"value":"vscode.search-result","_lower":"vscode.search-result"},"activationEvent":"*"}
[2020-07-13 01:05:19.948] [exthost] [info] ExtensionService#loadCommonJSModule file:///snap/code/36/usr/share/code/resources/app/extensions/search-result/dist/extension.js
[2020-07-13 01:05:20.025] [exthost] [info] ExtensionService#_doActivateExtension vscode.github {"startup":true,"extensionId":{"value":"vscode.github","_lower":"vscode.github"},"activationEvent":"*"}
[2020-07-13 01:05:20.025] [exthost] [info] ExtensionService#loadCommonJSModule file:///snap/code/36/usr/share/code/resources/app/extensions/github/dist/extension.js
[2020-07-13 01:05:20.044] [exthost] [info] eager extensions activated
[2020-07-13 01:05:20.795] [exthost] [info] ExtensionService#_doActivateExtension vscode.php-language-features {"startup":false,"extensionId":{"value":"vscode.php-language-features","_lower":"vscode.php-language-features"},"activationEvent":"onLanguage:php"}
[2020-07-13 01:05:20.795] [exthost] [info] ExtensionService#loadCommonJSModule file:///snap/code/36/usr/share/code/resources/app/extensions/php-language-features/dist/phpMain
